{"contracts/Raffle.sol":{"l":{"62":3,"63":3,"64":3,"65":3,"66":3,"67":3,"68":3,"69":3,"73":5,"74":1,"76":4,"77":1,"79":3,"80":3,"102":1,"103":1,"104":1,"105":1,"106":1,"112":1,"113":1,"114":0,"120":1,"121":1,"128":1,"135":0,"136":0,"137":0,"138":0,"139":0,"140":0,"141":0,"143":0,"144":0,"146":0,"152":5,"156":1,"160":0,"164":1,"168":0,"172":0,"176":0,"180":0,"184":6,"188":5},"path":"/home/surinder/bcprojects/hardhat-smart-contract-lottery/contracts/Raffle.sol","s":{"1":5,"2":4,"3":3,"4":3,"5":1,"6":1,"7":1,"8":1,"9":1,"10":1,"11":1,"12":1,"13":0,"14":0,"15":0,"16":0,"17":0,"18":5,"19":1,"20":0,"21":1,"22":0,"23":0,"24":0,"25":0,"26":6,"27":5},"b":{"1":[1,4],"2":[1,3],"3":[0,1],"4":[0,0]},"f":{"1":3,"2":5,"3":1,"4":1,"5":0,"6":5,"7":1,"8":0,"9":1,"10":0,"11":0,"12":0,"13":0,"14":6,"15":5},"fnMap":{"1":{"name":"constructor","line":61,"loc":{"start":{"line":54,"column":4},"end":{"line":70,"column":4}}},"2":{"name":"enterRaffle","line":72,"loc":{"start":{"line":72,"column":4},"end":{"line":81,"column":4}}},"3":{"name":"checkUpkeep","line":92,"loc":{"start":{"line":92,"column":4},"end":{"line":107,"column":4}}},"4":{"name":"performUpkeep","line":109,"loc":{"start":{"line":109,"column":4},"end":{"line":129,"column":4}}},"5":{"name":"fulfillRandomWords","line":131,"loc":{"start":{"line":131,"column":4},"end":{"line":147,"column":4}}},"6":{"name":"getEntranceFee","line":151,"loc":{"start":{"line":151,"column":4},"end":{"line":153,"column":4}}},"7":{"name":"getPlayer","line":155,"loc":{"start":{"line":155,"column":4},"end":{"line":157,"column":4}}},"8":{"name":"getRecentWinner","line":159,"loc":{"start":{"line":159,"column":4},"end":{"line":161,"column":4}}},"9":{"name":"getRaffleState","line":163,"loc":{"start":{"line":163,"column":4},"end":{"line":165,"column":4}}},"10":{"name":"getNumWords","line":167,"loc":{"start":{"line":167,"column":4},"end":{"line":169,"column":4}}},"11":{"name":"getNumberOfPlayers","line":171,"loc":{"start":{"line":171,"column":4},"end":{"line":173,"column":4}}},"12":{"name":"getLatestTimeStamp","line":175,"loc":{"start":{"line":175,"column":4},"end":{"line":177,"column":4}}},"13":{"name":"getRequestComfirmations","line":179,"loc":{"start":{"line":179,"column":4},"end":{"line":181,"column":4}}},"14":{"name":"getInterval","line":183,"loc":{"start":{"line":183,"column":4},"end":{"line":185,"column":4}}},"15":{"name":"getSubscriptionId","line":187,"loc":{"start":{"line":187,"column":4},"end":{"line":189,"column":4}}}},"statementMap":{"1":{"start":{"line":73,"column":8},"end":{"line":73,"column":2502}},"2":{"start":{"line":76,"column":8},"end":{"line":76,"column":2604}},"3":{"start":{"line":79,"column":8},"end":{"line":79,"column":42}},"4":{"start":{"line":80,"column":8},"end":{"line":80,"column":36}},"5":{"start":{"line":102,"column":8},"end":{"line":102,"column":55}},"6":{"start":{"line":103,"column":8},"end":{"line":103,"column":76}},"7":{"start":{"line":104,"column":8},"end":{"line":104,"column":48}},"8":{"start":{"line":105,"column":8},"end":{"line":105,"column":51}},"9":{"start":{"line":112,"column":8},"end":{"line":112,"column":47}},"10":{"start":{"line":113,"column":8},"end":{"line":113,"column":3875}},"11":{"start":{"line":121,"column":8},"end":{"line":121,"column":4135}},"12":{"start":{"line":128,"column":8},"end":{"line":128,"column":45}},"13":{"start":{"line":135,"column":8},"end":{"line":135,"column":65}},"14":{"start":{"line":136,"column":8},"end":{"line":136,"column":63}},"15":{"start":{"line":141,"column":8},"end":{"line":141,"column":78}},"16":{"start":{"line":143,"column":8},"end":{"line":143,"column":4916}},"17":{"start":{"line":146,"column":8},"end":{"line":146,"column":39}},"18":{"start":{"line":152,"column":8},"end":{"line":152,"column":29}},"19":{"start":{"line":156,"column":8},"end":{"line":156,"column":31}},"20":{"start":{"line":160,"column":8},"end":{"line":160,"column":29}},"21":{"start":{"line":164,"column":8},"end":{"line":164,"column":28}},"22":{"start":{"line":168,"column":8},"end":{"line":168,"column":24}},"23":{"start":{"line":172,"column":8},"end":{"line":172,"column":31}},"24":{"start":{"line":176,"column":8},"end":{"line":176,"column":30}},"25":{"start":{"line":180,"column":8},"end":{"line":180,"column":36}},"26":{"start":{"line":184,"column":8},"end":{"line":184,"column":25}},"27":{"start":{"line":188,"column":8},"end":{"line":188,"column":31}}},"branchMap":{"1":{"line":73,"type":"if","locations":[{"start":{"line":73,"column":8},"end":{"line":73,"column":8}},{"start":{"line":73,"column":8},"end":{"line":73,"column":8}}]},"2":{"line":76,"type":"if","locations":[{"start":{"line":76,"column":8},"end":{"line":76,"column":8}},{"start":{"line":76,"column":8},"end":{"line":76,"column":8}}]},"3":{"line":113,"type":"if","locations":[{"start":{"line":113,"column":8},"end":{"line":113,"column":8}},{"start":{"line":113,"column":8},"end":{"line":113,"column":8}}]},"4":{"line":143,"type":"if","locations":[{"start":{"line":143,"column":8},"end":{"line":143,"column":8}},{"start":{"line":143,"column":8},"end":{"line":143,"column":8}}]}}},"contracts/test/VRFCoordinatorV2Mock.sol":{"l":{},"path":"/home/surinder/bcprojects/hardhat-smart-contract-lottery/contracts/test/VRFCoordinatorV2Mock.sol","s":{},"b":{},"f":{},"fnMap":{},"statementMap":{},"branchMap":{}}}